[ 2019-04-09T14:19:40+08:00 ] 127.0.0.1 /admin/user/idex
INFO: [ app_init ] --START--
INFO: Run Behavior\BuildLiteBehavior [ RunTime:0.000013s ]
INFO: [ app_init ] --END-- [ RunTime:0.001451s ]
INFO: [ app_begin ] --START--
INFO: Run Behavior\ReadHtmlCacheBehavior [ RunTime:0.001279s ]
INFO: [ app_begin ] --END-- [ RunTime:0.001305s ]
ERR: syntax error, unexpected 'ect' (T_STRING)

[ 2019-04-09T14:20:16+08:00 ] 127.0.0.1 /admin/user/idex
INFO: [ app_init ] --START--
INFO: Run Behavior\BuildLiteBehavior [ RunTime:0.000006s ]
INFO: [ app_init ] --END-- [ RunTime:0.000668s ]
INFO: [ app_begin ] --START--
INFO: Run Behavior\ReadHtmlCacheBehavior [ RunTime:0.001964s ]
INFO: [ app_begin ] --END-- [ RunTime:0.001988s ]
ERR: 非法操作:idex

[ 2019-04-09T14:20:17+08:00 ] 127.0.0.1 /admin/user/idex
INFO: [ app_init ] --START--
INFO: Run Behavior\BuildLiteBehavior [ RunTime:0.000005s ]
INFO: [ app_init ] --END-- [ RunTime:0.000656s ]
INFO: [ app_begin ] --START--
INFO: Run Behavior\ReadHtmlCacheBehavior [ RunTime:0.000865s ]
INFO: [ app_begin ] --END-- [ RunTime:0.000886s ]
ERR: 非法操作:idex

[ 2019-04-09T14:20:32+08:00 ] 127.0.0.1 /admin/user/index
INFO: [ app_init ] --START--
INFO: Run Behavior\BuildLiteBehavior [ RunTime:0.000006s ]
INFO: [ app_init ] --END-- [ RunTime:0.000692s ]
INFO: [ app_begin ] --START--
INFO: Run Behavior\ReadHtmlCacheBehavior [ RunTime:0.000943s ]
INFO: [ app_begin ] --END-- [ RunTime:0.000964s ]
SQL: SHOW COLUMNS FROM `bbs_user` [ RunTime:0.1230s ]
SQL: SELECT * FROM `bbs_user`  [ RunTime:0.0007s ]
ERR: 1146:Table 'mybbs.user' doesn't exist
 [ SQL语句 ] : SHOW COLUMNS FROM `user`
ERR: 1146:Table 'mybbs.user' doesn't exist
 [ SQL语句 ] : SHOW COLUMNS FROM `user`

[ 2019-04-09T14:24:11+08:00 ] 127.0.0.1 /admin/user/index
INFO: [ app_init ] --START--
INFO: Run Behavior\BuildLiteBehavior [ RunTime:0.000008s ]
INFO: [ app_init ] --END-- [ RunTime:0.001330s ]
INFO: [ app_begin ] --START--
INFO: Run Behavior\ReadHtmlCacheBehavior [ RunTime:0.001186s ]
INFO: [ app_begin ] --END-- [ RunTime:0.001210s ]
SQL: SHOW COLUMNS FROM `bbs_user` [ RunTime:0.0157s ]
SQL: SELECT * FROM `bbs_user`  [ RunTime:0.0005s ]
ERR: Call to a member function where() on array

[ 2019-04-09T14:27:53+08:00 ] 127.0.0.1 /admin/user/index
INFO: [ app_init ] --START--
INFO: Run Behavior\BuildLiteBehavior [ RunTime:0.000006s ]
INFO: [ app_init ] --END-- [ RunTime:0.000783s ]
INFO: [ app_begin ] --START--
INFO: Run Behavior\ReadHtmlCacheBehavior [ RunTime:0.001178s ]
INFO: [ app_begin ] --END-- [ RunTime:0.001199s ]
SQL: SHOW COLUMNS FROM `bbs_user` [ RunTime:0.0127s ]
SQL: SELECT * FROM `bbs_user`  [ RunTime:0.0104s ]
ERR: Call to a member function where() on array

[ 2019-04-09T14:27:54+08:00 ] 127.0.0.1 /admin/user/index
INFO: [ app_init ] --START--
INFO: Run Behavior\BuildLiteBehavior [ RunTime:0.000007s ]
INFO: [ app_init ] --END-- [ RunTime:0.001700s ]
INFO: [ app_begin ] --START--
INFO: Run Behavior\ReadHtmlCacheBehavior [ RunTime:0.001040s ]
INFO: [ app_begin ] --END-- [ RunTime:0.001084s ]
SQL: SHOW COLUMNS FROM `bbs_user` [ RunTime:0.0178s ]
SQL: SELECT * FROM `bbs_user`  [ RunTime:0.0003s ]
ERR: Call to a member function where() on array

[ 2019-04-09T14:27:54+08:00 ] 127.0.0.1 /admin/user/index
INFO: [ app_init ] --START--
INFO: Run Behavior\BuildLiteBehavior [ RunTime:0.000043s ]
INFO: [ app_init ] --END-- [ RunTime:0.002557s ]
INFO: [ app_begin ] --START--
INFO: Run Behavior\ReadHtmlCacheBehavior [ RunTime:0.001896s ]
INFO: [ app_begin ] --END-- [ RunTime:0.001935s ]
SQL: SHOW COLUMNS FROM `bbs_user` [ RunTime:0.0075s ]
SQL: SELECT * FROM `bbs_user`  [ RunTime:0.0012s ]
ERR: Call to a member function where() on array

[ 2019-04-09T14:27:54+08:00 ] 127.0.0.1 /admin/user/index
INFO: [ app_init ] --START--
INFO: Run Behavior\BuildLiteBehavior [ RunTime:0.000006s ]
INFO: [ app_init ] --END-- [ RunTime:0.000710s ]
INFO: [ app_begin ] --START--
INFO: Run Behavior\ReadHtmlCacheBehavior [ RunTime:0.000865s ]
INFO: [ app_begin ] --END-- [ RunTime:0.000886s ]
SQL: SHOW COLUMNS FROM `bbs_user` [ RunTime:0.0138s ]
SQL: SELECT * FROM `bbs_user`  [ RunTime:0.0003s ]
ERR: Call to a member function where() on array

[ 2019-04-09T14:27:54+08:00 ] 127.0.0.1 /admin/user/index
INFO: [ app_init ] --START--
INFO: Run Behavior\BuildLiteBehavior [ RunTime:0.000006s ]
INFO: [ app_init ] --END-- [ RunTime:0.000648s ]
INFO: [ app_begin ] --START--
INFO: Run Behavior\ReadHtmlCacheBehavior [ RunTime:0.000946s ]
INFO: [ app_begin ] --END-- [ RunTime:0.000966s ]
SQL: SHOW COLUMNS FROM `bbs_user` [ RunTime:0.0109s ]
SQL: SELECT * FROM `bbs_user`  [ RunTime:0.0004s ]
ERR: Call to a member function where() on array

[ 2019-04-09T14:27:54+08:00 ] 127.0.0.1 /admin/user/index
INFO: [ app_init ] --START--
INFO: Run Behavior\BuildLiteBehavior [ RunTime:0.000012s ]
INFO: [ app_init ] --END-- [ RunTime:0.001402s ]
INFO: [ app_begin ] --START--
INFO: Run Behavior\ReadHtmlCacheBehavior [ RunTime:0.001700s ]
INFO: [ app_begin ] --END-- [ RunTime:0.001745s ]
SQL: SHOW COLUMNS FROM `bbs_user` [ RunTime:0.0094s ]
SQL: SELECT * FROM `bbs_user`  [ RunTime:0.0004s ]
ERR: Call to a member function where() on array

[ 2019-04-09T14:27:55+08:00 ] 127.0.0.1 /admin/user/index
INFO: [ app_init ] --START--
INFO: Run Behavior\BuildLiteBehavior [ RunTime:0.000007s ]
INFO: [ app_init ] --END-- [ RunTime:0.000925s ]
INFO: [ app_begin ] --START--
INFO: Run Behavior\ReadHtmlCacheBehavior [ RunTime:0.001378s ]
INFO: [ app_begin ] --END-- [ RunTime:0.001445s ]
SQL: SHOW COLUMNS FROM `bbs_user` [ RunTime:0.0156s ]
SQL: SELECT * FROM `bbs_user`  [ RunTime:0.0004s ]
ERR: Call to a member function where() on array

[ 2019-04-09T14:27:55+08:00 ] 127.0.0.1 /admin/user/index
INFO: [ app_init ] --START--
INFO: Run Behavior\BuildLiteBehavior [ RunTime:0.000005s ]
INFO: [ app_init ] --END-- [ RunTime:0.000644s ]
INFO: [ app_begin ] --START--
INFO: Run Behavior\ReadHtmlCacheBehavior [ RunTime:0.001400s ]
INFO: [ app_begin ] --END-- [ RunTime:0.001479s ]
SQL: SHOW COLUMNS FROM `bbs_user` [ RunTime:0.0120s ]
SQL: SELECT * FROM `bbs_user`  [ RunTime:0.0005s ]
ERR: Call to a member function where() on array

[ 2019-04-09T14:34:17+08:00 ] 127.0.0.1 /admin/user/index
INFO: [ app_init ] --START--
INFO: Run Behavior\BuildLiteBehavior [ RunTime:0.000010s ]
INFO: [ app_init ] --END-- [ RunTime:0.001536s ]
INFO: [ app_begin ] --START--
INFO: Run Behavior\ReadHtmlCacheBehavior [ RunTime:0.001472s ]
INFO: [ app_begin ] --END-- [ RunTime:0.001497s ]
SQL: SHOW COLUMNS FROM `bbs_user` [ RunTime:0.0448s ]
SQL: SELECT * FROM `bbs_user`  [ RunTime:0.0007s ]
ERR: Call to a member function where() on array

[ 2019-04-09T14:34:18+08:00 ] 127.0.0.1 /admin/user/index
INFO: [ app_init ] --START--
INFO: Run Behavior\BuildLiteBehavior [ RunTime:0.000006s ]
INFO: [ app_init ] --END-- [ RunTime:0.000733s ]
INFO: [ app_begin ] --START--
INFO: Run Behavior\ReadHtmlCacheBehavior [ RunTime:0.000988s ]
INFO: [ app_begin ] --END-- [ RunTime:0.001013s ]
SQL: SHOW COLUMNS FROM `bbs_user` [ RunTime:0.0169s ]
SQL: SELECT * FROM `bbs_user`  [ RunTime:0.0004s ]
ERR: Call to a member function where() on array

[ 2019-04-09T14:34:18+08:00 ] 127.0.0.1 /admin/user/index
INFO: [ app_init ] --START--
INFO: Run Behavior\BuildLiteBehavior [ RunTime:0.000005s ]
INFO: [ app_init ] --END-- [ RunTime:0.000712s ]
INFO: [ app_begin ] --START--
INFO: Run Behavior\ReadHtmlCacheBehavior [ RunTime:0.001555s ]
INFO: [ app_begin ] --END-- [ RunTime:0.001624s ]
SQL: SHOW COLUMNS FROM `bbs_user` [ RunTime:0.0216s ]
SQL: SELECT * FROM `bbs_user`  [ RunTime:0.0003s ]
ERR: Call to a member function where() on array

[ 2019-04-09T14:34:19+08:00 ] 127.0.0.1 /admin/user/index
INFO: [ app_init ] --START--
INFO: Run Behavior\BuildLiteBehavior [ RunTime:0.000006s ]
INFO: [ app_init ] --END-- [ RunTime:0.000684s ]
INFO: [ app_begin ] --START--
INFO: Run Behavior\ReadHtmlCacheBehavior [ RunTime:0.000850s ]
INFO: [ app_begin ] --END-- [ RunTime:0.000870s ]
SQL: SHOW COLUMNS FROM `bbs_user` [ RunTime:0.0270s ]
SQL: SELECT * FROM `bbs_user`  [ RunTime:0.0003s ]
ERR: Call to a member function where() on array

[ 2019-04-09T14:34:19+08:00 ] 127.0.0.1 /admin/user/index
INFO: [ app_init ] --START--
INFO: Run Behavior\BuildLiteBehavior [ RunTime:0.000006s ]
INFO: [ app_init ] --END-- [ RunTime:0.000658s ]
INFO: [ app_begin ] --START--
INFO: Run Behavior\ReadHtmlCacheBehavior [ RunTime:0.000872s ]
INFO: [ app_begin ] --END-- [ RunTime:0.000892s ]
SQL: SHOW COLUMNS FROM `bbs_user` [ RunTime:0.0078s ]
SQL: SELECT * FROM `bbs_user`  [ RunTime:0.0003s ]
ERR: Call to a member function where() on array

[ 2019-04-09T14:36:10+08:00 ] 127.0.0.1 /admin/user/index
INFO: [ app_init ] --START--
INFO: Run Behavior\BuildLiteBehavior [ RunTime:0.000008s ]
INFO: [ app_init ] --END-- [ RunTime:0.000793s ]
INFO: [ app_begin ] --START--
INFO: Run Behavior\ReadHtmlCacheBehavior [ RunTime:0.001713s ]
INFO: [ app_begin ] --END-- [ RunTime:0.001759s ]
SQL: SHOW COLUMNS FROM `bbs_user` [ RunTime:0.0490s ]
ERR: 1054:Unknown column 'status' in 'where clause'
 [ SQL语句 ] : SELECT COUNT(*) AS tp_count FROM `bbs_user` WHERE ( status=1 ) LIMIT 1  
ERR: 1054:Unknown column 'status' in 'where clause'
 [ SQL语句 ] : SELECT COUNT(*) AS tp_count FROM `bbs_user` WHERE ( status=1 ) LIMIT 1  

[ 2019-04-09T14:37:26+08:00 ] 127.0.0.1 /admin/user/index
INFO: [ app_init ] --START--
INFO: Run Behavior\BuildLiteBehavior [ RunTime:0.000007s ]
INFO: [ app_init ] --END-- [ RunTime:0.000992s ]
INFO: [ app_begin ] --START--
INFO: Run Behavior\ReadHtmlCacheBehavior [ RunTime:0.001314s ]
INFO: [ app_begin ] --END-- [ RunTime:0.001371s ]
SQL: SHOW COLUMNS FROM `bbs_user` [ RunTime:0.0187s ]
SQL: SELECT * FROM `bbs_user`  [ RunTime:0.0003s ]
INFO: [ view_parse ] --START--
INFO: [ template_filter ] --START--
INFO: Run Behavior\ContentReplaceBehavior [ RunTime:0.000048s ]
INFO: [ template_filter ] --END-- [ RunTime:0.000073s ]
NOTIC: [8] Undefined index: uid E:\xampp\htdocs\mybbs\Application\Runtime\Cache\Admin\65e605872ed5d34210f5b33beb13f5a3.php 第 23 行.
INFO: Run Behavior\ParseTemplateBehavior [ RunTime:0.146156s ]
INFO: [ view_parse ] --END-- [ RunTime:0.146180s ]
INFO: [ view_filter ] --START--
INFO: Run Behavior\WriteHtmlCacheBehavior [ RunTime:0.000961s ]
INFO: [ view_filter ] --END-- [ RunTime:0.000980s ]
INFO: [ app_end ] --START--
INFO: Run Behavior\ShowPageTraceBehavior [ RunTime:0.002402s ]
INFO: [ app_end ] --END-- [ RunTime:0.002433s ]

[ 2019-04-09T14:43:04+08:00 ] 127.0.0.1 /admin/user/index
INFO: [ app_init ] --START--
INFO: Run Behavior\BuildLiteBehavior [ RunTime:0.000009s ]
INFO: [ app_init ] --END-- [ RunTime:0.000799s ]
INFO: [ app_begin ] --START--
INFO: Run Behavior\ReadHtmlCacheBehavior [ RunTime:0.001849s ]
INFO: [ app_begin ] --END-- [ RunTime:0.001933s ]
SQL: SHOW COLUMNS FROM `bbs_user` [ RunTime:0.0226s ]
ERR: 1054:Unknown column 'status' in 'where clause'
 [ SQL语句 ] : SELECT COUNT(*) AS tp_count FROM `bbs_user` WHERE ( status=1 ) LIMIT 1  
ERR: 1054:Unknown column 'status' in 'where clause'
 [ SQL语句 ] : SELECT COUNT(*) AS tp_count FROM `bbs_user` WHERE ( status=1 ) LIMIT 1  

[ 2019-04-09T14:50:06+08:00 ] 127.0.0.1 /admin/user/index
INFO: [ app_init ] --START--
INFO: Run Behavior\BuildLiteBehavior [ RunTime:0.000009s ]
INFO: [ app_init ] --END-- [ RunTime:0.000998s ]
INFO: [ app_begin ] --START--
INFO: Run Behavior\ReadHtmlCacheBehavior [ RunTime:0.001270s ]
INFO: [ app_begin ] --END-- [ RunTime:0.001292s ]
SQL: SHOW COLUMNS FROM `bbs_user` [ RunTime:0.0438s ]
SQL: SELECT * FROM `bbs_user`  [ RunTime:0.0005s ]
INFO: [ view_parse ] --START--
INFO: [ template_filter ] --START--
INFO: Run Behavior\ContentReplaceBehavior [ RunTime:0.000046s ]
INFO: [ template_filter ] --END-- [ RunTime:0.000095s ]
NOTIC: [8] Undefined index: uid E:\xampp\htdocs\mybbs\Application\Runtime\Cache\Admin\65e605872ed5d34210f5b33beb13f5a3.php 第 23 行.
INFO: Run Behavior\ParseTemplateBehavior [ RunTime:0.013246s ]
INFO: [ view_parse ] --END-- [ RunTime:0.013307s ]
INFO: [ view_filter ] --START--
INFO: Run Behavior\WriteHtmlCacheBehavior [ RunTime:0.001093s ]
INFO: [ view_filter ] --END-- [ RunTime:0.001110s ]
INFO: [ app_end ] --START--
INFO: Run Behavior\ShowPageTraceBehavior [ RunTime:0.001654s ]
INFO: [ app_end ] --END-- [ RunTime:0.001696s ]

[ 2019-04-09T14:52:03+08:00 ] 127.0.0.1 /admin/user/index
INFO: [ app_init ] --START--
INFO: Run Behavior\BuildLiteBehavior [ RunTime:0.000006s ]
INFO: [ app_init ] --END-- [ RunTime:0.000806s ]
INFO: [ app_begin ] --START--
INFO: Run Behavior\ReadHtmlCacheBehavior [ RunTime:0.001760s ]
INFO: [ app_begin ] --END-- [ RunTime:0.001789s ]
SQL: SHOW COLUMNS FROM `bbs_user` [ RunTime:0.0130s ]
SQL: SELECT * FROM `bbs_user`  [ RunTime:0.0004s ]
INFO: [ view_parse ] --START--
INFO: [ template_filter ] --START--
INFO: Run Behavior\ContentReplaceBehavior [ RunTime:0.000031s ]
INFO: [ template_filter ] --END-- [ RunTime:0.000054s ]
NOTIC: [8] Undefined index: uid E:\xampp\htdocs\mybbs\Application\Runtime\Cache\Admin\65e605872ed5d34210f5b33beb13f5a3.php 第 23 行.
INFO: Run Behavior\ParseTemplateBehavior [ RunTime:0.023401s ]
INFO: [ view_parse ] --END-- [ RunTime:0.023425s ]
INFO: [ view_filter ] --START--
INFO: Run Behavior\WriteHtmlCacheBehavior [ RunTime:0.000988s ]
INFO: [ view_filter ] --END-- [ RunTime:0.001007s ]
INFO: [ app_end ] --START--
INFO: Run Behavior\ShowPageTraceBehavior [ RunTime:0.001662s ]
INFO: [ app_end ] --END-- [ RunTime:0.001684s ]

[ 2019-04-09T15:04:20+08:00 ] 127.0.0.1 /admin/user/index
INFO: [ app_init ] --START--
INFO: Run Behavior\BuildLiteBehavior [ RunTime:0.000006s ]
INFO: [ app_init ] --END-- [ RunTime:0.000864s ]
INFO: [ app_begin ] --START--
INFO: Run Behavior\ReadHtmlCacheBehavior [ RunTime:0.002594s ]
INFO: [ app_begin ] --END-- [ RunTime:0.002683s ]
SQL: SHOW COLUMNS FROM `bbs_user` [ RunTime:0.0295s ]
SQL: SELECT * FROM `bbs_user`  [ RunTime:0.0005s ]
INFO: [ view_parse ] --START--
INFO: [ template_filter ] --START--
INFO: Run Behavior\ContentReplaceBehavior [ RunTime:0.000032s ]
INFO: [ template_filter ] --END-- [ RunTime:0.000056s ]
NOTIC: [8] Undefined index: uid E:\xampp\htdocs\mybbs\Application\Runtime\Cache\Admin\65e605872ed5d34210f5b33beb13f5a3.php 第 23 行.
INFO: Run Behavior\ParseTemplateBehavior [ RunTime:0.022123s ]
INFO: [ view_parse ] --END-- [ RunTime:0.022168s ]
INFO: [ view_filter ] --START--
INFO: Run Behavior\WriteHtmlCacheBehavior [ RunTime:0.001009s ]
INFO: [ view_filter ] --END-- [ RunTime:0.001030s ]
INFO: [ app_end ] --START--
INFO: Run Behavior\ShowPageTraceBehavior [ RunTime:0.001549s ]
INFO: [ app_end ] --END-- [ RunTime:0.001572s ]

[ 2019-04-09T15:04:23+08:00 ] 127.0.0.1 /admin/user/index.html?search-sort=19&keywords=&sub=%E6%9F%A5%E8%AF%A2
INFO: [ app_init ] --START--
INFO: Run Behavior\BuildLiteBehavior [ RunTime:0.000006s ]
INFO: [ app_init ] --END-- [ RunTime:0.000715s ]
INFO: [ app_begin ] --START--
INFO: Run Behavior\ReadHtmlCacheBehavior [ RunTime:0.000910s ]
INFO: [ app_begin ] --END-- [ RunTime:0.000936s ]
SQL: SHOW COLUMNS FROM `bbs_user` [ RunTime:0.0144s ]
SQL: SELECT * FROM `bbs_user`  [ RunTime:0.0003s ]
INFO: [ view_parse ] --START--
INFO: [ template_filter ] --START--
INFO: Run Behavior\ContentReplaceBehavior [ RunTime:0.000029s ]
INFO: [ template_filter ] --END-- [ RunTime:0.000048s ]
NOTIC: [8] Undefined index: uid E:\xampp\htdocs\mybbs\Application\Runtime\Cache\Admin\65e605872ed5d34210f5b33beb13f5a3.php 第 23 行.
INFO: Run Behavior\ParseTemplateBehavior [ RunTime:0.009858s ]
INFO: [ view_parse ] --END-- [ RunTime:0.009896s ]
INFO: [ view_filter ] --START--
INFO: Run Behavior\WriteHtmlCacheBehavior [ RunTime:0.001161s ]
INFO: [ view_filter ] --END-- [ RunTime:0.001181s ]
INFO: [ app_end ] --START--
INFO: Run Behavior\ShowPageTraceBehavior [ RunTime:0.001306s ]
INFO: [ app_end ] --END-- [ RunTime:0.001346s ]

[ 2019-04-09T15:04:29+08:00 ] 127.0.0.1 /admin/user/index.html?search-sort=20&keywords=&sub=%E6%9F%A5%E8%AF%A2
INFO: [ app_init ] --START--
INFO: Run Behavior\BuildLiteBehavior [ RunTime:0.000006s ]
INFO: [ app_init ] --END-- [ RunTime:0.001108s ]
INFO: [ app_begin ] --START--
INFO: Run Behavior\ReadHtmlCacheBehavior [ RunTime:0.001281s ]
INFO: [ app_begin ] --END-- [ RunTime:0.001303s ]
SQL: SHOW COLUMNS FROM `bbs_user` [ RunTime:0.0131s ]
SQL: SELECT * FROM `bbs_user`  [ RunTime:0.0003s ]
INFO: [ view_parse ] --START--
INFO: [ template_filter ] --START--
INFO: Run Behavior\ContentReplaceBehavior [ RunTime:0.000064s ]
INFO: [ template_filter ] --END-- [ RunTime:0.000090s ]
NOTIC: [8] Undefined index: uid E:\xampp\htdocs\mybbs\Application\Runtime\Cache\Admin\65e605872ed5d34210f5b33beb13f5a3.php 第 23 行.
INFO: Run Behavior\ParseTemplateBehavior [ RunTime:0.011466s ]
INFO: [ view_parse ] --END-- [ RunTime:0.011492s ]
INFO: [ view_filter ] --START--
INFO: Run Behavior\WriteHtmlCacheBehavior [ RunTime:0.001125s ]
INFO: [ view_filter ] --END-- [ RunTime:0.001141s ]
INFO: [ app_end ] --START--
INFO: Run Behavior\ShowPageTraceBehavior [ RunTime:0.001456s ]
INFO: [ app_end ] --END-- [ RunTime:0.001479s ]

[ 2019-04-09T15:04:38+08:00 ] 127.0.0.1 /admin/user/index.html?search-sort=&keywords=%E5%B0%8F&sub=%E6%9F%A5%E8%AF%A2
INFO: [ app_init ] --START--
INFO: Run Behavior\BuildLiteBehavior [ RunTime:0.000006s ]
INFO: [ app_init ] --END-- [ RunTime:0.000683s ]
INFO: [ app_begin ] --START--
INFO: Run Behavior\ReadHtmlCacheBehavior [ RunTime:0.001304s ]
INFO: [ app_begin ] --END-- [ RunTime:0.001507s ]
SQL: SHOW COLUMNS FROM `bbs_user` [ RunTime:0.0382s ]
SQL: SELECT * FROM `bbs_user`  [ RunTime:0.0003s ]
INFO: [ view_parse ] --START--
INFO: [ template_filter ] --START--
INFO: Run Behavior\ContentReplaceBehavior [ RunTime:0.000082s ]
INFO: [ template_filter ] --END-- [ RunTime:0.000199s ]
NOTIC: [8] Undefined index: uid E:\xampp\htdocs\mybbs\Application\Runtime\Cache\Admin\65e605872ed5d34210f5b33beb13f5a3.php 第 23 行.
INFO: Run Behavior\ParseTemplateBehavior [ RunTime:0.009415s ]
INFO: [ view_parse ] --END-- [ RunTime:0.009438s ]
INFO: [ view_filter ] --START--
INFO: Run Behavior\WriteHtmlCacheBehavior [ RunTime:0.000794s ]
INFO: [ view_filter ] --END-- [ RunTime:0.000812s ]
INFO: [ app_end ] --START--
INFO: Run Behavior\ShowPageTraceBehavior [ RunTime:0.001073s ]
INFO: [ app_end ] --END-- [ RunTime:0.001096s ]

[ 2019-04-09T15:08:38+08:00 ] 127.0.0.1 /admin/user/index.html?search-sort=&keywords=%E5%B0%8F&sub=%E6%9F%A5%E8%AF%A2
INFO: [ app_init ] --START--
INFO: Run Behavior\BuildLiteBehavior [ RunTime:0.000006s ]
INFO: [ app_init ] --END-- [ RunTime:0.000846s ]
INFO: [ app_begin ] --START--
INFO: Run Behavior\ReadHtmlCacheBehavior [ RunTime:0.001263s ]
INFO: [ app_begin ] --END-- [ RunTime:0.001283s ]
ERR: syntax error, unexpected '$html_page' (T_VARIABLE)

[ 2019-04-09T15:08:39+08:00 ] 127.0.0.1 /admin/user/index.html?search-sort=&keywords=%E5%B0%8F&sub=%E6%9F%A5%E8%AF%A2
INFO: [ app_init ] --START--
INFO: Run Behavior\BuildLiteBehavior [ RunTime:0.000021s ]
INFO: [ app_init ] --END-- [ RunTime:0.001040s ]
INFO: [ app_begin ] --START--
INFO: Run Behavior\ReadHtmlCacheBehavior [ RunTime:0.001009s ]
INFO: [ app_begin ] --END-- [ RunTime:0.001050s ]
ERR: syntax error, unexpected '$html_page' (T_VARIABLE)

[ 2019-04-09T15:08:40+08:00 ] 127.0.0.1 /admin/user/index.html?search-sort=&keywords=%E5%B0%8F&sub=%E6%9F%A5%E8%AF%A2
INFO: [ app_init ] --START--
INFO: Run Behavior\BuildLiteBehavior [ RunTime:0.000005s ]
INFO: [ app_init ] --END-- [ RunTime:0.000654s ]
INFO: [ app_begin ] --START--
INFO: Run Behavior\ReadHtmlCacheBehavior [ RunTime:0.000905s ]
INFO: [ app_begin ] --END-- [ RunTime:0.000941s ]
ERR: syntax error, unexpected '$html_page' (T_VARIABLE)

[ 2019-04-09T15:08:40+08:00 ] 127.0.0.1 /admin/user/index.html?search-sort=&keywords=%E5%B0%8F&sub=%E6%9F%A5%E8%AF%A2
INFO: [ app_init ] --START--
INFO: Run Behavior\BuildLiteBehavior [ RunTime:0.000006s ]
INFO: [ app_init ] --END-- [ RunTime:0.000646s ]
INFO: [ app_begin ] --START--
INFO: Run Behavior\ReadHtmlCacheBehavior [ RunTime:0.001301s ]
INFO: [ app_begin ] --END-- [ RunTime:0.001396s ]
ERR: syntax error, unexpected '$html_page' (T_VARIABLE)

[ 2019-04-09T15:10:34+08:00 ] 127.0.0.1 /admin/user/index.html?search-sort=&keywords=%E5%B0%8F&sub=%E6%9F%A5%E8%AF%A2
INFO: [ app_init ] --START--
INFO: Run Behavior\BuildLiteBehavior [ RunTime:0.000006s ]
INFO: [ app_init ] --END-- [ RunTime:0.000831s ]
INFO: [ app_begin ] --START--
INFO: Run Behavior\ReadHtmlCacheBehavior [ RunTime:0.001187s ]
INFO: [ app_begin ] --END-- [ RunTime:0.001209s ]
ERR: syntax error, unexpected '$html_page' (T_VARIABLE)

[ 2019-04-09T15:10:35+08:00 ] 127.0.0.1 /admin/user/index.html?search-sort=&keywords=%E5%B0%8F&sub=%E6%9F%A5%E8%AF%A2
INFO: [ app_init ] --START--
INFO: Run Behavior\BuildLiteBehavior [ RunTime:0.000005s ]
INFO: [ app_init ] --END-- [ RunTime:0.000970s ]
INFO: [ app_begin ] --START--
INFO: Run Behavior\ReadHtmlCacheBehavior [ RunTime:0.000851s ]
INFO: [ app_begin ] --END-- [ RunTime:0.000870s ]
ERR: syntax error, unexpected '$html_page' (T_VARIABLE)

[ 2019-04-09T15:10:35+08:00 ] 127.0.0.1 /admin/user/index.html?search-sort=&keywords=%E5%B0%8F&sub=%E6%9F%A5%E8%AF%A2
INFO: [ app_init ] --START--
INFO: Run Behavior\BuildLiteBehavior [ RunTime:0.000006s ]
INFO: [ app_init ] --END-- [ RunTime:0.000938s ]
INFO: [ app_begin ] --START--
INFO: Run Behavior\ReadHtmlCacheBehavior [ RunTime:0.001540s ]
INFO: [ app_begin ] --END-- [ RunTime:0.001626s ]
ERR: syntax error, unexpected '$html_page' (T_VARIABLE)

[ 2019-04-09T15:10:35+08:00 ] 127.0.0.1 /admin/user/index.html?search-sort=&keywords=%E5%B0%8F&sub=%E6%9F%A5%E8%AF%A2
INFO: [ app_init ] --START--
INFO: Run Behavior\BuildLiteBehavior [ RunTime:0.000007s ]
INFO: [ app_init ] --END-- [ RunTime:0.001045s ]
INFO: [ app_begin ] --START--
INFO: Run Behavior\ReadHtmlCacheBehavior [ RunTime:0.000857s ]
INFO: [ app_begin ] --END-- [ RunTime:0.000882s ]
ERR: syntax error, unexpected '$html_page' (T_VARIABLE)

[ 2019-04-09T15:19:59+08:00 ] 127.0.0.1 /admin/user/index.html?search-sort=&keywords=%E5%B0%8F&sub=%E6%9F%A5%E8%AF%A2
INFO: [ app_init ] --START--
INFO: Run Behavior\BuildLiteBehavior [ RunTime:0.000047s ]
INFO: [ app_init ] --END-- [ RunTime:0.001251s ]
INFO: [ app_begin ] --START--
INFO: Run Behavior\ReadHtmlCacheBehavior [ RunTime:0.001214s ]
INFO: [ app_begin ] --END-- [ RunTime:0.001239s ]
SQL: SHOW COLUMNS FROM `bbs_user` [ RunTime:0.0236s ]
SQL: SELECT * FROM `bbs_user`  [ RunTime:0.0003s ]
INFO: [ view_parse ] --START--
INFO: [ template_filter ] --START--
INFO: Run Behavior\ContentReplaceBehavior [ RunTime:0.000041s ]
INFO: [ template_filter ] --END-- [ RunTime:0.000068s ]
NOTIC: [8] Undefined index: uid E:\xampp\htdocs\mybbs\Application\Runtime\Cache\Admin\65e605872ed5d34210f5b33beb13f5a3.php 第 23 行.
NOTIC: [8] Undefined variable: html_page E:\xampp\htdocs\mybbs\Application\Runtime\Cache\Admin\65e605872ed5d34210f5b33beb13f5a3.php 第 138 行.
INFO: Run Behavior\ParseTemplateBehavior [ RunTime:0.056781s ]
INFO: [ view_parse ] --END-- [ RunTime:0.056810s ]
INFO: [ view_filter ] --START--
INFO: Run Behavior\WriteHtmlCacheBehavior [ RunTime:0.001225s ]
INFO: [ view_filter ] --END-- [ RunTime:0.001258s ]
INFO: [ app_end ] --START--
INFO: Run Behavior\ShowPageTraceBehavior [ RunTime:0.001403s ]
INFO: [ app_end ] --END-- [ RunTime:0.001428s ]

[ 2019-04-09T15:22:31+08:00 ] 127.0.0.1 /admin/user/index.html?search-sort=&keywords=%E5%B0%8F&sub=%E6%9F%A5%E8%AF%A2
INFO: [ app_init ] --START--
INFO: Run Behavior\BuildLiteBehavior [ RunTime:0.000007s ]
INFO: [ app_init ] --END-- [ RunTime:0.000968s ]
INFO: [ app_begin ] --START--
INFO: Run Behavior\ReadHtmlCacheBehavior [ RunTime:0.001264s ]
INFO: [ app_begin ] --END-- [ RunTime:0.001286s ]
SQL: SHOW COLUMNS FROM `bbs_user` [ RunTime:0.0289s ]
SQL: SELECT * FROM `bbs_user`  [ RunTime:0.0004s ]
INFO: [ view_parse ] --START--
INFO: [ template_filter ] --START--
INFO: Run Behavior\ContentReplaceBehavior [ RunTime:0.000032s ]
INFO: [ template_filter ] --END-- [ RunTime:0.000053s ]
NOTIC: [8] Undefined index: uid E:\xampp\htdocs\mybbs\Application\Runtime\Cache\Admin\65e605872ed5d34210f5b33beb13f5a3.php 第 23 行.
NOTIC: [8] Undefined variable: html_page E:\xampp\htdocs\mybbs\Application\Runtime\Cache\Admin\65e605872ed5d34210f5b33beb13f5a3.php 第 138 行.
INFO: Run Behavior\ParseTemplateBehavior [ RunTime:0.023300s ]
INFO: [ view_parse ] --END-- [ RunTime:0.023321s ]
INFO: [ view_filter ] --START--
INFO: Run Behavior\WriteHtmlCacheBehavior [ RunTime:0.000961s ]
INFO: [ view_filter ] --END-- [ RunTime:0.001027s ]
INFO: [ app_end ] --START--
INFO: Run Behavior\ShowPageTraceBehavior [ RunTime:0.001622s ]
INFO: [ app_end ] --END-- [ RunTime:0.001644s ]

[ 2019-04-09T15:22:32+08:00 ] 127.0.0.1 /admin/user/index.html?search-sort=&keywords=%E5%B0%8F&sub=%E6%9F%A5%E8%AF%A2
INFO: [ app_init ] --START--
INFO: Run Behavior\BuildLiteBehavior [ RunTime:0.000007s ]
INFO: [ app_init ] --END-- [ RunTime:0.001276s ]
INFO: [ app_begin ] --START--
INFO: Run Behavior\ReadHtmlCacheBehavior [ RunTime:0.001023s ]
INFO: [ app_begin ] --END-- [ RunTime:0.001045s ]
SQL: SHOW COLUMNS FROM `bbs_user` [ RunTime:0.0174s ]
SQL: SELECT * FROM `bbs_user`  [ RunTime:0.0004s ]
INFO: [ view_parse ] --START--
INFO: [ template_filter ] --START--
INFO: Run Behavior\ContentReplaceBehavior [ RunTime:0.000033s ]
INFO: [ template_filter ] --END-- [ RunTime:0.000057s ]
NOTIC: [8] Undefined index: uid E:\xampp\htdocs\mybbs\Application\Runtime\Cache\Admin\65e605872ed5d34210f5b33beb13f5a3.php 第 23 行.
NOTIC: [8] Undefined variable: html_page E:\xampp\htdocs\mybbs\Application\Runtime\Cache\Admin\65e605872ed5d34210f5b33beb13f5a3.php 第 138 行.
INFO: Run Behavior\ParseTemplateBehavior [ RunTime:0.009212s ]
INFO: [ view_parse ] --END-- [ RunTime:0.009235s ]
INFO: [ view_filter ] --START--
INFO: Run Behavior\WriteHtmlCacheBehavior [ RunTime:0.001240s ]
INFO: [ view_filter ] --END-- [ RunTime:0.001274s ]
INFO: [ app_end ] --START--
INFO: Run Behavior\ShowPageTraceBehavior [ RunTime:0.001095s ]
INFO: [ app_end ] --END-- [ RunTime:0.001134s ]

[ 2019-04-09T15:22:32+08:00 ] 127.0.0.1 /admin/user/index.html?search-sort=&keywords=%E5%B0%8F&sub=%E6%9F%A5%E8%AF%A2
INFO: [ app_init ] --START--
INFO: Run Behavior\BuildLiteBehavior [ RunTime:0.000009s ]
INFO: [ app_init ] --END-- [ RunTime:0.000959s ]
INFO: [ app_begin ] --START--
INFO: Run Behavior\ReadHtmlCacheBehavior [ RunTime:0.001510s ]
INFO: [ app_begin ] --END-- [ RunTime:0.001573s ]
SQL: SHOW COLUMNS FROM `bbs_user` [ RunTime:0.0084s ]
SQL: SELECT * FROM `bbs_user`  [ RunTime:0.0003s ]
INFO: [ view_parse ] --START--
INFO: [ template_filter ] --START--
INFO: Run Behavior\ContentReplaceBehavior [ RunTime:0.000034s ]
INFO: [ template_filter ] --END-- [ RunTime:0.000065s ]
NOTIC: [8] Undefined index: uid E:\xampp\htdocs\mybbs\Application\Runtime\Cache\Admin\65e605872ed5d34210f5b33beb13f5a3.php 第 23 行.
NOTIC: [8] Undefined variable: html_page E:\xampp\htdocs\mybbs\Application\Runtime\Cache\Admin\65e605872ed5d34210f5b33beb13f5a3.php 第 138 行.
INFO: Run Behavior\ParseTemplateBehavior [ RunTime:0.015672s ]
INFO: [ view_parse ] --END-- [ RunTime:0.015694s ]
INFO: [ view_filter ] --START--
INFO: Run Behavior\WriteHtmlCacheBehavior [ RunTime:0.000725s ]
INFO: [ view_filter ] --END-- [ RunTime:0.000744s ]
INFO: [ app_end ] --START--
INFO: Run Behavior\ShowPageTraceBehavior [ RunTime:0.000987s ]
INFO: [ app_end ] --END-- [ RunTime:0.001014s ]

[ 2019-04-09T15:22:41+08:00 ] 127.0.0.1 /index.php?m=admin&c=user&a=index&sex=19&uname=admin&sub=%E6%9F%A5%E8%AF%A2
INFO: [ app_init ] --START--
INFO: Run Behavior\BuildLiteBehavior [ RunTime:0.000007s ]
INFO: [ app_init ] --END-- [ RunTime:0.000833s ]
INFO: [ app_begin ] --START--
INFO: Run Behavior\ReadHtmlCacheBehavior [ RunTime:0.001225s ]
INFO: [ app_begin ] --END-- [ RunTime:0.001246s ]
SQL: SHOW COLUMNS FROM `bbs_user` [ RunTime:0.0205s ]
SQL: SELECT * FROM `bbs_user`  [ RunTime:0.0003s ]
INFO: [ view_parse ] --START--
INFO: [ template_filter ] --START--
INFO: Run Behavior\ContentReplaceBehavior [ RunTime:0.000029s ]
INFO: [ template_filter ] --END-- [ RunTime:0.000049s ]
NOTIC: [8] Undefined index: uid E:\xampp\htdocs\mybbs\Application\Runtime\Cache\Admin\65e605872ed5d34210f5b33beb13f5a3.php 第 23 行.
NOTIC: [8] Undefined variable: html_page E:\xampp\htdocs\mybbs\Application\Runtime\Cache\Admin\65e605872ed5d34210f5b33beb13f5a3.php 第 138 行.
INFO: Run Behavior\ParseTemplateBehavior [ RunTime:0.010156s ]
INFO: [ view_parse ] --END-- [ RunTime:0.010180s ]
INFO: [ view_filter ] --START--
INFO: Run Behavior\WriteHtmlCacheBehavior [ RunTime:0.001218s ]
INFO: [ view_filter ] --END-- [ RunTime:0.001283s ]
INFO: [ app_end ] --START--
INFO: Run Behavior\ShowPageTraceBehavior [ RunTime:0.002772s ]
INFO: [ app_end ] --END-- [ RunTime:0.002833s ]

[ 2019-04-09T15:24:04+08:00 ] 127.0.0.1 /index.php?m=admin&c=user&a=index&sex=19&uname=admin&sub=%E6%9F%A5%E8%AF%A2
INFO: [ app_init ] --START--
INFO: Run Behavior\BuildLiteBehavior [ RunTime:0.000006s ]
INFO: [ app_init ] --END-- [ RunTime:0.000755s ]
INFO: [ app_begin ] --START--
INFO: Run Behavior\ReadHtmlCacheBehavior [ RunTime:0.000951s ]
INFO: [ app_begin ] --END-- [ RunTime:0.000973s ]
SQL: SHOW COLUMNS FROM `bbs_user` [ RunTime:0.9104s ]
SQL: SELECT * FROM `bbs_user`  [ RunTime:0.0004s ]
INFO: [ view_parse ] --START--
INFO: [ template_filter ] --START--
INFO: Run Behavior\ContentReplaceBehavior [ RunTime:0.000033s ]
INFO: [ template_filter ] --END-- [ RunTime:0.000058s ]
NOTIC: [8] Undefined index: uid E:\xampp\htdocs\mybbs\Application\Runtime\Cache\Admin\65e605872ed5d34210f5b33beb13f5a3.php 第 23 行.
NOTIC: [8] Undefined variable: html_page E:\xampp\htdocs\mybbs\Application\Runtime\Cache\Admin\65e605872ed5d34210f5b33beb13f5a3.php 第 138 行.
INFO: Run Behavior\ParseTemplateBehavior [ RunTime:0.372755s ]
INFO: [ view_parse ] --END-- [ RunTime:0.372789s ]
INFO: [ view_filter ] --START--
INFO: Run Behavior\WriteHtmlCacheBehavior [ RunTime:0.001387s ]
INFO: [ view_filter ] --END-- [ RunTime:0.001456s ]
INFO: [ app_end ] --START--
INFO: Run Behavior\ShowPageTraceBehavior [ RunTime:0.001599s ]
INFO: [ app_end ] --END-- [ RunTime:0.001642s ]

[ 2019-04-09T15:24:09+08:00 ] 127.0.0.1 /index.php?m=admin&c=user&a=index&sex=19&uname=%E5%B0%8F%E4%B9%94
INFO: [ app_init ] --START--
INFO: Run Behavior\BuildLiteBehavior [ RunTime:0.000007s ]
INFO: [ app_init ] --END-- [ RunTime:0.000723s ]
INFO: [ app_begin ] --START--
INFO: Run Behavior\ReadHtmlCacheBehavior [ RunTime:0.001122s ]
INFO: [ app_begin ] --END-- [ RunTime:0.001150s ]
SQL: SHOW COLUMNS FROM `bbs_user` [ RunTime:0.1027s ]
SQL: SELECT * FROM `bbs_user`  [ RunTime:0.0003s ]
INFO: [ view_parse ] --START--
INFO: [ template_filter ] --START--
INFO: Run Behavior\ContentReplaceBehavior [ RunTime:0.000038s ]
INFO: [ template_filter ] --END-- [ RunTime:0.000067s ]
NOTIC: [8] Undefined index: uid E:\xampp\htdocs\mybbs\Application\Runtime\Cache\Admin\65e605872ed5d34210f5b33beb13f5a3.php 第 23 行.
NOTIC: [8] Undefined variable: html_page E:\xampp\htdocs\mybbs\Application\Runtime\Cache\Admin\65e605872ed5d34210f5b33beb13f5a3.php 第 138 行.
INFO: Run Behavior\ParseTemplateBehavior [ RunTime:0.009189s ]
INFO: [ view_parse ] --END-- [ RunTime:0.009212s ]
INFO: [ view_filter ] --START--
INFO: Run Behavior\WriteHtmlCacheBehavior [ RunTime:0.000873s ]
INFO: [ view_filter ] --END-- [ RunTime:0.000896s ]
INFO: [ app_end ] --START--
INFO: Run Behavior\ShowPageTraceBehavior [ RunTime:0.001202s ]
INFO: [ app_end ] --END-- [ RunTime:0.001234s ]

[ 2019-04-09T15:36:25+08:00 ] 127.0.0.1 /index.php?m=admin&c=user&a=index&sex=19&uname=%E5%B0%8F%E4%B9%94
INFO: [ app_init ] --START--
INFO: Run Behavior\BuildLiteBehavior [ RunTime:0.000008s ]
INFO: [ app_init ] --END-- [ RunTime:0.010378s ]
INFO: [ app_begin ] --START--
INFO: Run Behavior\ReadHtmlCacheBehavior [ RunTime:0.015467s ]
INFO: [ app_begin ] --END-- [ RunTime:0.015495s ]
ERR: syntax error, unexpected '' (T_ENCAPSED_AND_WHITESPACE), expecting '-' or identifier (T_STRING) or variable (T_VARIABLE) or number (T_NUM_STRING)

[ 2019-04-09T15:39:07+08:00 ] 127.0.0.1 /index.php?m=admin&c=user&a=index&sex=19&uname=%E5%B0%8F%E4%B9%94
INFO: [ app_init ] --START--
INFO: Run Behavior\BuildLiteBehavior [ RunTime:0.000006s ]
INFO: [ app_init ] --END-- [ RunTime:0.000804s ]
INFO: [ app_begin ] --START--
INFO: Run Behavior\ReadHtmlCacheBehavior [ RunTime:0.001442s ]
INFO: [ app_begin ] --END-- [ RunTime:0.001467s ]
ERR: syntax error, unexpected '' (T_ENCAPSED_AND_WHITESPACE), expecting '-' or identifier (T_STRING) or variable (T_VARIABLE) or number (T_NUM_STRING)

[ 2019-04-09T15:39:08+08:00 ] 127.0.0.1 /index.php?m=admin&c=user&a=index&sex=19&uname=%E5%B0%8F%E4%B9%94
INFO: [ app_init ] --START--
INFO: Run Behavior\BuildLiteBehavior [ RunTime:0.000067s ]
INFO: [ app_init ] --END-- [ RunTime:0.001466s ]
INFO: [ app_begin ] --START--
INFO: Run Behavior\ReadHtmlCacheBehavior [ RunTime:0.001805s ]
INFO: [ app_begin ] --END-- [ RunTime:0.001857s ]
ERR: syntax error, unexpected '' (T_ENCAPSED_AND_WHITESPACE), expecting '-' or identifier (T_STRING) or variable (T_VARIABLE) or number (T_NUM_STRING)

[ 2019-04-09T15:39:08+08:00 ] 127.0.0.1 /index.php?m=admin&c=user&a=index&sex=19&uname=%E5%B0%8F%E4%B9%94
INFO: [ app_init ] --START--
INFO: Run Behavior\BuildLiteBehavior [ RunTime:0.000006s ]
INFO: [ app_init ] --END-- [ RunTime:0.000673s ]
INFO: [ app_begin ] --START--
INFO: Run Behavior\ReadHtmlCacheBehavior [ RunTime:0.000872s ]
INFO: [ app_begin ] --END-- [ RunTime:0.000893s ]
ERR: syntax error, unexpected '' (T_ENCAPSED_AND_WHITESPACE), expecting '-' or identifier (T_STRING) or variable (T_VARIABLE) or number (T_NUM_STRING)

[ 2019-04-09T15:39:08+08:00 ] 127.0.0.1 /index.php?m=admin&c=user&a=index&sex=19&uname=%E5%B0%8F%E4%B9%94
INFO: [ app_init ] --START--
INFO: Run Behavior\BuildLiteBehavior [ RunTime:0.000046s ]
INFO: [ app_init ] --END-- [ RunTime:0.002719s ]
INFO: [ app_begin ] --START--
INFO: Run Behavior\ReadHtmlCacheBehavior [ RunTime:0.000936s ]
INFO: [ app_begin ] --END-- [ RunTime:0.000962s ]
ERR: syntax error, unexpected '' (T_ENCAPSED_AND_WHITESPACE), expecting '-' or identifier (T_STRING) or variable (T_VARIABLE) or number (T_NUM_STRING)

[ 2019-04-09T15:39:08+08:00 ] 127.0.0.1 /index.php?m=admin&c=user&a=index&sex=19&uname=%E5%B0%8F%E4%B9%94
INFO: [ app_init ] --START--
INFO: Run Behavior\BuildLiteBehavior [ RunTime:0.000005s ]
INFO: [ app_init ] --END-- [ RunTime:0.000677s ]
INFO: [ app_begin ] --START--
INFO: Run Behavior\ReadHtmlCacheBehavior [ RunTime:0.000870s ]
INFO: [ app_begin ] --END-- [ RunTime:0.000891s ]
ERR: syntax error, unexpected '' (T_ENCAPSED_AND_WHITESPACE), expecting '-' or identifier (T_STRING) or variable (T_VARIABLE) or number (T_NUM_STRING)

[ 2019-04-09T15:40:02+08:00 ] 127.0.0.1 /index.php?m=admin&c=user&a=index&sex=19&uname=%E5%B0%8F%E4%B9%94
INFO: [ app_init ] --START--
INFO: Run Behavior\BuildLiteBehavior [ RunTime:0.000007s ]
INFO: [ app_init ] --END-- [ RunTime:0.000805s ]
INFO: [ app_begin ] --START--
INFO: Run Behavior\ReadHtmlCacheBehavior [ RunTime:0.001523s ]
INFO: [ app_begin ] --END-- [ RunTime:0.001547s ]
ERR: syntax error, unexpected '}'

[ 2019-04-09T15:41:10+08:00 ] 127.0.0.1 /index.php?m=admin&c=user&a=index&sex=19&uname=%E5%B0%8F%E4%B9%94
INFO: [ app_init ] --START--
INFO: Run Behavior\BuildLiteBehavior [ RunTime:0.000007s ]
INFO: [ app_init ] --END-- [ RunTime:0.000806s ]
INFO: [ app_begin ] --START--
INFO: Run Behavior\ReadHtmlCacheBehavior [ RunTime:0.001409s ]
INFO: [ app_begin ] --END-- [ RunTime:0.001430s ]
SQL: SHOW COLUMNS FROM `bbs_user` [ RunTime:0.0157s ]
SQL: SELECT * FROM `bbs_user` WHERE `sex` = '19' AND `uname` LIKE '%小乔%'  [ RunTime:0.0886s ]
INFO: [ view_parse ] --START--
INFO: [ template_filter ] --START--
INFO: Run Behavior\ContentReplaceBehavior [ RunTime:0.000054s ]
INFO: [ template_filter ] --END-- [ RunTime:0.000085s ]
NOTIC: [8] Undefined index: uid E:\xampp\htdocs\mybbs\Application\Runtime\Cache\Admin\65e605872ed5d34210f5b33beb13f5a3.php 第 23 行.
NOTIC: [8] Undefined variable: html_page E:\xampp\htdocs\mybbs\Application\Runtime\Cache\Admin\65e605872ed5d34210f5b33beb13f5a3.php 第 138 行.
INFO: Run Behavior\ParseTemplateBehavior [ RunTime:0.172656s ]
INFO: [ view_parse ] --END-- [ RunTime:0.172683s ]
INFO: [ view_filter ] --START--
INFO: Run Behavior\WriteHtmlCacheBehavior [ RunTime:0.013892s ]
INFO: [ view_filter ] --END-- [ RunTime:0.013935s ]
INFO: [ app_end ] --START--
INFO: Run Behavior\ShowPageTraceBehavior [ RunTime:0.007909s ]
INFO: [ app_end ] --END-- [ RunTime:0.007932s ]

[ 2019-04-09T15:44:49+08:00 ] 127.0.0.1 /index.php?m=admin&c=user&a=inde
ERR: 非法操作:inde

[ 2019-04-09T15:57:39+08:00 ] 127.0.0.1 /index.php?m=admin&c=user&a=index&sex=&uname=
ERR: Class 'Admin\Controller\Page' not found

[ 2019-04-09T15:57:40+08:00 ] 127.0.0.1 /index.php?m=admin&c=user&a=index&sex=&uname=
ERR: Class 'Admin\Controller\Page' not found

[ 2019-04-09T15:57:40+08:00 ] 127.0.0.1 /index.php?m=admin&c=user&a=index&sex=&uname=
ERR: Class 'Admin\Controller\Page' not found

[ 2019-04-09T15:57:40+08:00 ] 127.0.0.1 /index.php?m=admin&c=user&a=index&sex=&uname=
ERR: Class 'Admin\Controller\Page' not found

[ 2019-04-09T15:57:41+08:00 ] 127.0.0.1 /index.php?m=admin&c=user&a=index&sex=&uname=
ERR: Class 'Admin\Controller\Page' not found

[ 2019-04-09T15:57:41+08:00 ] 127.0.0.1 /index.php?m=admin&c=user&a=index&sex=&uname=
ERR: Class 'Admin\Controller\Page' not found

[ 2019-04-09T15:57:41+08:00 ] 127.0.0.1 /index.php?m=admin&c=user&a=index&sex=&uname=
ERR: Class 'Admin\Controller\Page' not found

[ 2019-04-09T15:57:41+08:00 ] 127.0.0.1 /index.php?m=admin&c=user&a=index&sex=&uname=
ERR: Class 'Admin\Controller\Page' not found

[ 2019-04-09T16:39:53+08:00 ] 127.0.0.1 /index.php?m=admin&c=user&a=save
ERR: syntax error, unexpected '$data' (T_VARIABLE)

[ 2019-04-09T19:22:08+08:00 ] 127.0.0.1 /index.php?m=admin&c=user&a=update&uid=12
ERR: Class 'Admin\Controller\M' not found

[ 2019-04-09T20:44:25+08:00 ] 127.0.0.1 /index.php?m=admin&c=user&a=update&uid=11
ERR: Call to undefined function Admin\Controller\Exception()

[ 2019-04-09T20:45:44+08:00 ] 127.0.0.1 /index.php?m=admin&c=user&a=update&uid=11
ERR: Class 'Admin\Controller\Exception' not found

[ 2019-04-09T20:50:47+08:00 ] 127.0.0.1 /index.php?m=admin&c=user&a=update&uid=11
ERR: Class 'Admin\Controller\Exception' not found

